<?xml version="1.0" encoding="UTF-8"?>
<robot generator="Robot 6.0.2 (Python 3.11.2 on win32)" generated="20230604 08:50:33.782" rpa="false" schemaversion="3">
<suite id="s1" name="API2" source="C:\Users\marcio\PycharmProjects\robotframework\robotframeworktests\API2.robot">
<kw name="ADMIN" type="SETUP">
<tag>post 1</tag>
<doc>Create token</doc>
<kw name="Create Dictionary" library="BuiltIn">
<var>${body}</var>
<arg>username=admin</arg>
<arg>password=password123</arg>
<doc>Creates and returns a dictionary based on the given ``items``.</doc>
<msg timestamp="20230604 08:50:34.419" level="INFO">${body} = {'username': 'admin', 'password': 'password123'}</msg>
<status status="PASS" starttime="20230604 08:50:34.419" endtime="20230604 08:50:34.419"/>
</kw>
<kw name="POST" library="RequestsLibrary">
<var>${response}</var>
<arg>${url}/auth</arg>
<arg>json=${body}</arg>
<doc>Sends a POST request.</doc>
<msg timestamp="20230604 08:50:35.138" level="INFO">POST Request : url=https://restful-booker.herokuapp.com/auth 
 path_url=/auth 
 headers={'User-Agent': 'python-requests/2.31.0', 'Accept-Encoding': 'gzip, deflate', 'Accept': '*/*', 'Connection': 'keep-alive', 'Content-Length': '48', 'Content-Type': 'application/json'} 
 body=b'{"username": "admin", "password": "password123"}' 
 </msg>
<msg timestamp="20230604 08:50:35.138" level="INFO">POST Response : url=https://restful-booker.herokuapp.com/auth 
 status=200, reason=OK 
 headers={'Server': 'Cowboy', 'Connection': 'keep-alive', 'X-Powered-By': 'Express', 'Content-Type': 'application/json; charset=utf-8', 'Content-Length': '27', 'Etag': 'W/"1b-hoVDtW7ktkZsO1naa1+MNfqf7vY"', 'Date': 'Sun, 04 Jun 2023 06:50:35 GMT', 'Via': '1.1 vegur'} 
 body={"token":"023a871f2559eff"} 
 </msg>
<msg timestamp="20230604 08:50:35.138" level="INFO">${response} = &lt;Response [200]&gt;</msg>
<status status="PASS" starttime="20230604 08:50:34.419" endtime="20230604 08:50:35.138"/>
</kw>
<kw name="Log" library="BuiltIn">
<arg>${response.json()}</arg>
<doc>Logs the given message with the given level.</doc>
<msg timestamp="20230604 08:50:35.138" level="INFO">{'token': '023a871f2559eff'}</msg>
<status status="PASS" starttime="20230604 08:50:35.138" endtime="20230604 08:50:35.138"/>
</kw>
<kw name="Set Variable" library="BuiltIn">
<var>${token}</var>
<arg>${response.json()}[token]</arg>
<doc>Returns the given values which can then be assigned to a variables.</doc>
<msg timestamp="20230604 08:50:35.154" level="INFO">${token} = 023a871f2559eff</msg>
<status status="PASS" starttime="20230604 08:50:35.138" endtime="20230604 08:50:35.154"/>
</kw>
<kw name="Log" library="BuiltIn">
<arg>${token}</arg>
<doc>Logs the given message with the given level.</doc>
<msg timestamp="20230604 08:50:35.154" level="INFO">023a871f2559eff</msg>
<status status="PASS" starttime="20230604 08:50:35.154" endtime="20230604 08:50:35.154"/>
</kw>
<kw name="Set Suite Variable" library="BuiltIn">
<arg>${token}</arg>
<doc>Makes a variable available everywhere within the scope of the current suite.</doc>
<msg timestamp="20230604 08:50:35.154" level="INFO">${token} = 023a871f2559eff</msg>
<status status="PASS" starttime="20230604 08:50:35.154" endtime="20230604 08:50:35.154"/>
</kw>
<status status="PASS" starttime="20230604 08:50:34.419" endtime="20230604 08:50:35.154"/>
</kw>
<test id="s1-t1" name="API_GET_TEST 1" line="14">
<kw name="Set Test Message" library="BuiltIn">
<arg>Getting the list of all bookings</arg>
<doc>Sets message for the current test case.</doc>
<msg timestamp="20230604 08:50:35.154" level="INFO">Set test message to:
Getting the list of all bookings</msg>
<status status="PASS" starttime="20230604 08:50:35.154" endtime="20230604 08:50:35.154"/>
</kw>
<kw name="GET" library="RequestsLibrary">
<var>${response}</var>
<arg>${url}/booking</arg>
<doc>Sends a GET request.</doc>
<msg timestamp="20230604 08:50:35.975" level="INFO">GET Request : url=https://restful-booker.herokuapp.com/booking 
 path_url=/booking 
 headers={'User-Agent': 'python-requests/2.31.0', 'Accept-Encoding': 'gzip, deflate', 'Accept': '*/*', 'Connection': 'keep-alive'} 
 body=None 
 </msg>
<msg timestamp="20230604 08:50:35.975" level="INFO">GET Response : url=https://restful-booker.herokuapp.com/booking 
 status=200, reason=OK 
 headers={'Server': 'Cowboy', 'Connection': 'keep-alive', 'X-Powered-By': 'Express', 'Content-Type': 'application/json; charset=utf-8', 'Content-Length': '59732', 'Etag': 'W/"e954-uEsplg8PY1hWHIuMYRMxKH9k1V8"', 'Date': 'Sun, 04 Jun 2023 06:50:36 GMT', 'Via': '1.1 vegur'} 
 body=[{"bookingid":3207},{"bookingid":3625},{"bookingid":670},{"bookingid":1830},{"bookingid":1017},{"bookingid":480},{"bookingid":3126},{"bookingid":3041},{"bookingid":1364},{"bookingid":1573},{"bookingid":151},{"bookingid":2567},{"bookingid":22},{"bookingid":3057},{"bookingid":1991},{"bookingid":791},{"bookingid":4303},{"bookingid":1650},{"bookingid":3286},{"bookingid":433},{"bookingid":3663},{"bookingid":88},{"bookingid":242},{"bookingid":4005},{"bookingid":4591},{"bookingid":3097},{"bookingid":2227},{"bookingid":3632},{"bookingid":2545},{"bookingid":1497},{"bookingid":2004},{"bookingid":299},{"bookingid":2391},{"bookingid":293},{"bookingid":3667},{"bookingid":3846},{"bookingid":800},{"bookingid":2905},{"bookingid":903},{"bookingid":4402},{"bookingid":2919},{"bookingid":3192},{"bookingid":3433},{"bookingid":1930},{"bookingid":3044},{"bookingid":855},{"bookingid":2626},{"bookingid":4407},{"bookingid":1483},{"bookingid":4221},{"bookingid":3407},{"bookingid":1150},{"bookingid":827},{"bookingid":2537},{"bookingid":3068},{"bookingid":2518},{"bookingid":3690},{"bookingid":1158},{"bookingid":1268},{"bookingid":2156},{"bookingid":2783},{"bookingid":3884},{"bookingid":782},{"bookingid":958},{"bookingid":3312},{"bookingid":244},{"bookingid":3017},{"bookingid":4098},{"bookingid":2057},{"bookingid":318},{"bookingid":738},{"bookingid":4594},{"bookingid":1831},{"bookingid":2511},{"bookingid":4633},{"bookingid":2373},{"bookingid":4385},{"bookingid":3143},{"bookingid":206},{"bookingid":2679},{"bookingid":116},{"bookingid":3678},{"bookingid":31},{"bookingid":4003},{"bookingid":1216},{"bookingid":306},{"bookingid":1362},{"bookingid":3156},{"bookingid":1099},{"bookingid":4484},{"bookingid":1710},{"bookingid":1392},{"bookingid":4339},{"bookingid":4557},{"bookingid":572},{"bookingid":492},{"bookingid":1282},{"bookingid":3665},{"bookingid":523},{"bookingid":3939},{"bookingid":2521},{"bookingid":1431},{"bookingid":984},{"bookingid":2216},{"bookingid":237},{"bookingid":8},{"bookingid":4001},{"bookingid":2307},{"bookingid":1654},{"bookingid":3181},{"bookingid":4290},{"bookingid":1363},{"bookingid":2781},{"bookingid":4042},{"bookingid":3460},{"bookingid":2097},{"bookingid":3983},{"bookingid":4194},{"bookingid":757},{"bookingid":4520},{"bookingid":1370},{"bookingid":3911},{"bookingid":2525},{"bookingid":118},{"bookingid":3399},{"bookingid":4376},{"bookingid":4340},{"bookingid":1138},{"bookingid":3092},{"bookingid":2379},{"bookingid":4414},{"bookingid":3184},{"bookingid":2709},{"bookingid":1121},{"bookingid":4239},{"bookingid":3836},{"bookingid":4077},{"bookingid":1133},{"bookingid":168},{"bookingid":2970},{"bookingid":1244},{"bookingid":2142},{"bookingid":1368},{"bookingid":722},{"bookingid":483},{"bookingid":2509},{"bookingid":2326},{"bookingid":3033},{"bookingid":408},{"bookingid":1147},{"bookingid":2849},{"bookingid":533},{"bookingid":334},{"bookingid":3131},{"bookingid":692},{"bookingid":1935},{"bookingid":2044},{"bookingid":3752},{"bookingid":1936},{"bookingid":2493},{"bookingid":2587},{"bookingid":2257},{"bookingid":3573},{"bookingid":1789},{"bookingid":743},{"bookingid":2838},{"bookingid":2779},{"bookingid":6},{"bookingid":1709},{"bookingid":589},{"bookingid":682},{"bookingid":2075},{"bookingid":2883},{"bookingid":3894},{"bookingid":1786},{"bookingid":965},{"bookingid":4409},{"bookingid":3578},{"bookingid":4253},{"bookingid":2755},{"bookingid":4241},{"bookingid":10},{"bookingid":2176},{"bookingid":3606},{"bookingid":3732},{"bookingid":1918},{"bookingid":955},{"bookingid":3039},{"bookingid":1791},{"bookingid":1715},{"bookingid":2983},{"bookingid":718},{"bookingid":3713},{"bookingid":820},{"bookingid":3780},{"bookingid":4051},{"bookingid":1127},{"bookingid":2763},{"bookingid":1728},{"bookingid":4212},{"bookingid":1085},{"bookingid":2494},{"bookingid":471},{"bookingid":2346},{"bookingid":2817},{"bookingid":4296},{"bookingid":3623},{"bookingid":1122},{"bookingid":4213},{"bookingid":4232},{"bookingid":163},{"bookingid":2655},{"bookingid":1234},{"bookingid":4078},{"bookingid":2785},{"bookingid":102},{"bookingid":3390},{"bookingid":3410},{"bookingid":1982},{"bookingid":2830},{"bookingid":2758},{"bookingid":3249},{"bookingid":4559},{"bookingid":3604},{"bookingid":3226},{"bookingid":4004},{"bookingid":1703},{"bookingid":2594},{"bookingid":4195},{"bookingid":584},{"bookingid":2942},{"bookingid":2343},{"bookingid":1571},{"bookingid":3076},{"bookingid":3704},{"bookingid":1331},{"bookingid":2520},{"bookingid":3224},{"bookingid":4503},{"bookingid":3007},{"bookingid":1164},{"bookingid":1662},{"bookingid":3356},{"bookingid":92},{"bookingid":3764},{"bookingid":2468},{"bookingid":3744},{"bookingid":3214},{"bookingid":4415},{"bookingid":843},{"bookingid":2421},{"bookingid":1030},{"bookingid":2508},{"bookingid":2333},{"bookingid":4551},{"bookingid":1485},{"bookingid":823},{"bookingid":3188},{"bookingid":3111},{"bookingid":3263},{"bookingid":2440},{"bookingid":4173},{"bookingid":2190},{"bookingid":1393},{"bookingid":1468},{"bookingid":1512},{"bookingid":1004},{"bookingid":1369},{"bookingid":2399},{"bookingid":914},{"bookingid":919},{"bookingid":2085},{"bookingid":1422},{"bookingid":1959},{"bookingid":2202},{"bookingid":1317},{"bookingid":3299},{"bookingid":1203},{"bookingid":2349},{"bookingid":4097},{"bookingid":4434},{"bookingid":444},{"bookingid":2554},{"bookingid":3994},{"bookingid":350},{"bookingid":3615},{"bookingid":1701},{"bookingid":141},{"bookingid":3148},{"bookingid":1459},{"bookingid":1913},{"bookingid":3767},{"bookingid":3453},{"bookingid":2712},{"bookingid":535},{"bookingid":121},{"bookingid":1342},{"bookingid":4272},{"bookingid":896},{"bookingid":3493},{"bookingid":3341},{"bookingid":1354},{"bookingid":2964},{"bookingid":4125},{"bookingid":1638},{"bookingid":2437},{"bookingid":2136},{"bookingid":133},{"bookingid":223},{"bookingid":120},{"bookingid":4431},{"bookingid":3024},{"bookingid":2311},{"bookingid":1724},{"bookingid":3941},{"bookingid":3533},{"bookingid":1985},{"bookingid":2038},{"bookingid":4021},{"bookingid":2848},{"bookingid":2259},{"bookingid":4128},{"bookingid":1992},{"bookingid":3658},{"bookingid":1572},{"bookingid":3136},{"bookingid":4582},{"bookingid":1603},{"bookingid":2353},{"bookingid":3671},{"bookingid":4012},{"bookingid":1893},{"bookingid":2865},{"bookingid":626},{"bookingid":106},{"bookingid":1593},{"bookingid":639},{"bookingid":736},{"bookingid":2117},{"bookingid":2001},{"bookingid":2650},{"bookingid":2315},{"bookingid":3369},{"bookingid":530},{"bookingid":1356},{"bookingid":2490},{"bookingid":1450},{"bookingid":2945},{"bookingid":3074},{"bookingid":4615},{"bookingid":34},{"bookingid":733},{"bookingid":1315},{"bookingid":2925},{"bookingid":3452},{"bookingid":2582},{"bookingid":2400},{"bookingid":4266},{"bookingid":4513},{"bookingid":252},{"bookingid":3568},{"bookingid":3702},{"bookingid":974},{"bookingid":3524},{"bookingid":2915},{"bookingid":3700},{"bookingid":1313},{"bookingid":1300},{"bookingid":2431},{"bookingid":2731},{"bookingid":3815},{"bookingid":1775},{"bookingid":4017},{"bookingid":2774},{"bookingid":311},{"bookingid":991},{"bookingid":859},{"bookingid":2956},{"bookingid":1537},{"bookingid":2298},{"bookingid":4231},{"bookingid":156},{"bookingid":760},{"bookingid":1637},{"bookingid":4354},{"bookingid":3190},{"bookingid":1070},{"bookingid":1424},{"bookingid":3955},{"bookingid":3841},{"bookingid":862},{"bookingid":2070},{"bookingid":2267},{"bookingid":3513},{"bookingid":2681},{"bookingid":3755},{"bookingid":634},{"bookingid":744},{"bookingid":2064},{"bookingid":2319},{"bookingid":2020},{"bookingid":1144},{"bookingid":54},{"bookingid":3098},{"bookingid":4304},{"bookingid":2643},{"bookingid":4215},{"bookingid":276},{"bookingid":3613},{"bookingid":4014},{"bookingid":2579},{"bookingid":4240},{"bookingid":1705},{"bookingid":1398},{"bookingid":2984},{"bookingid":1454},{"bookingid":1494},{"bookingid":845},{"bookingid":1019},{"bookingid":781},{"bookingid":4626},{"bookingid":1408},{"bookingid":2757},{"bookingid":1750},{"bookingid":940},{"bookingid":462},{"bookingid":2030},{"bookingid":3745},{"bookingid":544},{"bookingid":2047},{"bookingid":4206},{"bookingid":3598},{"bookingid":472},{"bookingid":2866},{"bookingid":2365},{"bookingid":3947},{"bookingid":2483},{"bookingid":1387},{"bookingid":2292},{"bookingid":2474},{"bookingid":110},{"bookingid":3781},{"bookingid":428},{"bookingid":1491},{"bookingid":4283},{"bookingid":3204},{"bookingid":348},{"bookingid":3653},{"bookingid":3903},{"bookingid":1050},{"bookingid":186},{"bookingid":2931},{"bookingid":1689},{"bookingid":35},{"bookingid":427},{"bookingid":3723},{"bookingid":1802},{"bookingid":1879},{"bookingid":1102},{"bookingid":811},{"bookingid":372},{"bookingid":3640},{"bookingid":3855},{"bookingid":274},{"bookingid":1769},{"bookingid":3199},{"bookingid":2171},{"bookingid":4475},{"bookingid":45},{"bookingid":2107},{"bookingid":2686},{"bookingid":3430},{"bookingid":3380},{"bookingid":1679},{"bookingid":2235},{"bookingid":2901},{"bookingid":4536},{"bookingid":4393},{"bookingid":4234},{"bookingid":1707},{"bookingid":2971},{"bookingid":1634},{"bookingid":410},{"bookingid":2289},{"bookingid":2304},{"bookingid":4584},{"bookingid":2393},{"bookingid":3103},{"bookingid":4008},{"bookingid":2357},{"bookingid":3078},{"bookingid":3760},{"bookingid":2531},{"bookingid":4161},{"bookingid":2172},{"bookingid":3302},{"bookingid":3128},{"bookingid":1401},{"bookingid":693},{"bookingid":2076},{"bookingid":3},{"bookingid":1218},{"bookingid":48},{"bookingid":2092},{"bookingid":42},{"bookingid":1319},{"bookingid":2716},{"bookingid":3355},{"bookingid":4090},{"bookingid":1024},{"bookingid":4504},{"bookingid":3654},{"bookingid":3753},{"bookingid":3368},{"bookingid":860},{"bookingid":1507},{"bookingid":2916},{"bookingid":4030},{"bookingid":1820},{"bookingid":3314},{"bookingid":793},{"bookingid":3072},{"bookingid":4612},{"bookingid":2715},{"bookingid":436},{"bookingid":4254},{"bookingid":222},{"bookingid":100},{"bookingid":3114},{"bookingid":1020},{"bookingid":14},{"bookingid":2973},{"bookingid":1765},{... (set the log level to DEBUG or TRACE to see the full content) 
 </msg>
<msg timestamp="20230604 08:50:35.975" level="INFO">${response} = &lt;Response [200]&gt;</msg>
<status status="PASS" starttime="20230604 08:50:35.154" endtime="20230604 08:50:35.975"/>
</kw>
<kw name="Log To Console" library="BuiltIn">
<arg>${response}</arg>
<doc>Logs the given message to the console.</doc>
<status status="PASS" starttime="20230604 08:50:35.975" endtime="20230604 08:50:35.975"/>
</kw>
<doc>Get booking ID</doc>
<tag>get 1</tag>
<status status="PASS" starttime="20230604 08:50:35.154" endtime="20230604 08:50:35.975">Getting the list of all bookings</status>
</test>
<test id="s1-t2" name="API_GET_TEST 2" line="21">
<kw name="Set Test Message" library="BuiltIn">
<arg>Importing data with the particular ID</arg>
<doc>Sets message for the current test case.</doc>
<msg timestamp="20230604 08:50:35.975" level="INFO">Set test message to:
Importing data with the particular ID</msg>
<status status="PASS" starttime="20230604 08:50:35.975" endtime="20230604 08:50:35.975"/>
</kw>
<kw name="GET" library="RequestsLibrary">
<var>${response}</var>
<arg>${url}/booking/6</arg>
<doc>Sends a GET request.</doc>
<msg timestamp="20230604 08:50:36.634" level="INFO">GET Request : url=https://restful-booker.herokuapp.com/booking/6 
 path_url=/booking/6 
 headers={'User-Agent': 'python-requests/2.31.0', 'Accept-Encoding': 'gzip, deflate', 'Accept': '*/*', 'Connection': 'keep-alive'} 
 body=None 
 </msg>
<msg timestamp="20230604 08:50:36.634" level="INFO">GET Response : url=https://restful-booker.herokuapp.com/booking/6 
 status=200, reason=OK 
 headers={'Server': 'Cowboy', 'Connection': 'keep-alive', 'X-Powered-By': 'Express', 'Content-Type': 'application/json; charset=utf-8', 'Content-Length': '168', 'Etag': 'W/"a8-HeVG6FLPs6jH41xoaj5cbev4aeY"', 'Date': 'Sun, 04 Jun 2023 06:50:37 GMT', 'Via': '1.1 vegur'} 
 body={"firstname":"Jim","lastname":"Brown","totalprice":626,"depositpaid":true,"bookingdates":{"checkin":"2023-03-26","checkout":"2023-03-28"},"additionalneeds":"Breakfast"} 
 </msg>
<msg timestamp="20230604 08:50:36.634" level="INFO">${response} = &lt;Response [200]&gt;</msg>
<status status="PASS" starttime="20230604 08:50:35.975" endtime="20230604 08:50:36.634"/>
</kw>
<kw name="Log To Console" library="BuiltIn">
<arg>${response}</arg>
<doc>Logs the given message to the console.</doc>
<status status="PASS" starttime="20230604 08:50:36.634" endtime="20230604 08:50:36.634"/>
</kw>
<doc>Get particular booking</doc>
<tag>get 2</tag>
<status status="PASS" starttime="20230604 08:50:35.975" endtime="20230604 08:50:36.634">Importing data with the particular ID</status>
</test>
<test id="s1-t3" name="API_POST_TEST 2" line="29">
<kw name="Set Test Message" library="BuiltIn">
<arg>Creating the new booking with new data</arg>
<doc>Sets message for the current test case.</doc>
<msg timestamp="20230604 08:50:36.641" level="INFO">Set test message to:
Creating the new booking with new data</msg>
<status status="PASS" starttime="20230604 08:50:36.641" endtime="20230604 08:50:36.641"/>
</kw>
<kw name="Create Dictionary" library="BuiltIn">
<var>${header}</var>
<arg>Content-Type=application/json</arg>
<arg>Cookie=token=ae433bd358fcecb</arg>
<doc>Creates and returns a dictionary based on the given ``items``.</doc>
<msg timestamp="20230604 08:50:36.641" level="INFO">${header} = {'Content-Type': 'application/json', 'Cookie': 'token=ae433bd358fcecb'}</msg>
<status status="PASS" starttime="20230604 08:50:36.641" endtime="20230604 08:50:36.641"/>
</kw>
<kw name="Create Dictionary" library="BuiltIn">
<var>${bookingdates}</var>
<arg>checkin=2023-08-01</arg>
<arg>checkout=2023-09-01</arg>
<doc>Creates and returns a dictionary based on the given ``items``.</doc>
<msg timestamp="20230604 08:50:36.641" level="INFO">${bookingdates} = {'checkin': '2023-08-01', 'checkout': '2023-09-01'}</msg>
<status status="PASS" starttime="20230604 08:50:36.641" endtime="20230604 08:50:36.641"/>
</kw>
<kw name="Create Dictionary" library="BuiltIn">
<var>${body}</var>
<arg>firstname=Joe</arg>
<arg>lastname=Doe</arg>
<arg>totalprice=300</arg>
<arg>depositpaid=false</arg>
<arg>bookingdates=${bookingdates}</arg>
<arg>additionalneeds=breakfast</arg>
<doc>Creates and returns a dictionary based on the given ``items``.</doc>
<msg timestamp="20230604 08:50:36.641" level="INFO">${body} = {'firstname': 'Joe', 'lastname': 'Doe', 'totalprice': '300', 'depositpaid': 'false', 'bookingdates': {'checkin': '2023-08-01', 'checkout': '2023-09-01'}, 'additionalneeds': 'breakfast'}</msg>
<status status="PASS" starttime="20230604 08:50:36.641" endtime="20230604 08:50:36.641"/>
</kw>
<kw name="POST" library="RequestsLibrary">
<var>${response}</var>
<arg>${url}/booking</arg>
<arg>headers=${header}</arg>
<arg>json=${body}</arg>
<doc>Sends a POST request.</doc>
<msg timestamp="20230604 08:50:37.304" level="INFO">POST Request : url=https://restful-booker.herokuapp.com/booking 
 path_url=/booking 
 headers={'User-Agent': 'python-requests/2.31.0', 'Accept-Encoding': 'gzip, deflate', 'Accept': '*/*', 'Connection': 'keep-alive', 'Content-Type': 'application/json', 'Cookie': 'token=ae433bd358fcecb', 'Content-Length': '185'} 
 body=b'{"firstname": "Joe", "lastname": "Doe", "totalprice": "300", "depositpaid": "false", "bookingdates": {"checkin": "2023-08-01", "checkout": "2023-09-01"}, "additionalneeds": "breakfast"}' 
 </msg>
<msg timestamp="20230604 08:50:37.304" level="INFO">POST Response : url=https://restful-booker.herokuapp.com/booking 
 status=200, reason=OK 
 headers={'Server': 'Cowboy', 'Connection': 'keep-alive', 'X-Powered-By': 'Express', 'Content-Type': 'application/json; charset=utf-8', 'Content-Length': '195', 'Etag': 'W/"c3-aU/FW93pBa0sk1WZwRi1k1KDWHk"', 'Date': 'Sun, 04 Jun 2023 06:50:37 GMT', 'Via': '1.1 vegur'} 
 body={"bookingid":4663,"booking":{"firstname":"Joe","lastname":"Doe","totalprice":300,"depositpaid":true,"bookingdates":{"checkin":"2023-08-01","checkout":"2023-09-01"},"additionalneeds":"breakfast"}} 
 </msg>
<msg timestamp="20230604 08:50:37.304" level="INFO">${response} = &lt;Response [200]&gt;</msg>
<status status="PASS" starttime="20230604 08:50:36.656" endtime="20230604 08:50:37.304"/>
</kw>
<kw name="Set Variable" library="BuiltIn">
<var>${id}</var>
<arg>${response.json()}[bookingid]</arg>
<doc>Returns the given values which can then be assigned to a variables.</doc>
<msg timestamp="20230604 08:50:37.304" level="INFO">${id} = 4663</msg>
<status status="PASS" starttime="20230604 08:50:37.304" endtime="20230604 08:50:37.304"/>
</kw>
<kw name="Set Suite Variable" library="BuiltIn">
<arg>${id}</arg>
<doc>Makes a variable available everywhere within the scope of the current suite.</doc>
<msg timestamp="20230604 08:50:37.319" level="INFO">${id} = 4663</msg>
<status status="PASS" starttime="20230604 08:50:37.319" endtime="20230604 08:50:37.319"/>
</kw>
<kw name="GET" library="RequestsLibrary">
<var>${response}</var>
<arg>${url}/booking/${id}</arg>
<doc>Sends a GET request.</doc>
<msg timestamp="20230604 08:50:37.977" level="INFO">GET Request : url=https://restful-booker.herokuapp.com/booking/4663 
 path_url=/booking/4663 
 headers={'User-Agent': 'python-requests/2.31.0', 'Accept-Encoding': 'gzip, deflate', 'Accept': '*/*', 'Connection': 'keep-alive'} 
 body=None 
 </msg>
<msg timestamp="20230604 08:50:37.992" level="INFO">GET Response : url=https://restful-booker.herokuapp.com/booking/4663 
 status=200, reason=OK 
 headers={'Server': 'Cowboy', 'Connection': 'keep-alive', 'X-Powered-By': 'Express', 'Content-Type': 'application/json; charset=utf-8', 'Content-Length': '166', 'Etag': 'W/"a6-sxRP6nv7Lt505IgI3XVU084ji6E"', 'Date': 'Sun, 04 Jun 2023 06:50:38 GMT', 'Via': '1.1 vegur'} 
 body={"firstname":"Joe","lastname":"Doe","totalprice":300,"depositpaid":true,"bookingdates":{"checkin":"2023-08-01","checkout":"2023-09-01"},"additionalneeds":"breakfast"} 
 </msg>
<msg timestamp="20230604 08:50:37.992" level="INFO">${response} = &lt;Response [200]&gt;</msg>
<status status="PASS" starttime="20230604 08:50:37.319" endtime="20230604 08:50:37.992"/>
</kw>
<kw name="Status Should Be" library="RequestsLibrary">
<arg>200</arg>
<arg>${response}</arg>
<doc>Fails if response status code is different than the expected.</doc>
<status status="PASS" starttime="20230604 08:50:37.992" endtime="20230604 08:50:37.992"/>
</kw>
<kw name="Log To Console" library="BuiltIn">
<arg>${response}</arg>
<doc>Logs the given message to the console.</doc>
<status status="PASS" starttime="20230604 08:50:37.992" endtime="20230604 08:50:37.992"/>
</kw>
<doc>Create booking</doc>
<tag>post 2</tag>
<status status="PASS" starttime="20230604 08:50:36.641" endtime="20230604 08:50:37.992">Creating the new booking with new data</status>
</test>
<doc>My fifth test case includes API tests such as GET and POST</doc>
<status status="PASS" starttime="20230604 08:50:33.782" endtime="20230604 08:50:37.992"/>
</suite>
<statistics>
<total>
<stat pass="3" fail="0" skip="0">All Tests</stat>
</total>
<tag>
<stat pass="1" fail="0" skip="0">get 1</stat>
<stat pass="1" fail="0" skip="0">get 2</stat>
<stat pass="1" fail="0" skip="0">post 2</stat>
</tag>
<suite>
<stat pass="3" fail="0" skip="0" id="s1" name="API2">API2</stat>
</suite>
</statistics>
<errors>
</errors>
</robot>
